<?xml version="1.0" encoding="UTF-8"?>
<!-- Generated by org.testng.reporters.JUnitXMLReporter -->
<testsuite hostname="CORPLPTP000053" ignored="0" name="Free CRM App Test Case" tests="3" failures="0" timestamp="2020-03-14T19:08:32 IST" time="68.531" errors="0">
  <testcase name="loginPageTitleTest" time="0.033" classname="com.crm.qa.testcases.LoginPageTest"/>
  <testcase name="crmLogoImageTest" time="0.184" classname="com.crm.qa.testcases.LoginPageTest"/>
  <testcase name="loginTest" time="2.019" classname="com.crm.qa.testcases.LoginPageTest"/>
</testsuite> <!-- Free CRM App Test Case -->
